# JRE version: Java(TM) SE Runtime Environment (8.0_231-b11) (build 1.8.0_231-b11)
# Java VM: Java HotSpot(TM) 64-Bit Server VM (25.231-b11 mixed mode windows-amd64 compressed oops)
Heap:
 PSYoungGen      total 140288K, used 69452K [0x000000076b580000, 0x0000000779200000, 0x00000007c0000000)
  eden space 126976K, 44% used [0x000000076b580000,0x000000076ec54260,0x0000000773180000)
  from space 13312K, 99% used [0x0000000773180000,0x0000000773e7f060,0x0000000773e80000)
  to   space 15872K, 0% used [0x0000000778280000,0x0000000778280000,0x0000000779200000)
 ParOldGen       total 155136K, used 12940K [0x00000006c2000000, 0x00000006cb780000, 0x000000076b580000)
  object space 155136K, 8% used [0x00000006c2000000,0x00000006c2ca3228,0x00000006cb780000)
 Metaspace       used 50918K, capacity 52923K, committed 53160K, reserved 1095680K
  class space    used 6918K, capacity 7310K, committed 7344K, reserved 1048576K
GC Heap History (10 events):
Event: 2.062 GC heap before
{Heap before GC invocations=5 (full 1):
 PSYoungGen      total 75776K, used 68013K [0x000000076b580000, 0x0000000772580000, 0x00000007c0000000)
  eden space 65024K, 100% used [0x000000076b580000,0x000000076f500000,0x000000076f500000)
  from space 10752K, 27% used [0x000000076f500000,0x000000076f7eb4d0,0x000000076ff80000)
  to   space 10752K, 0% used [0x0000000771b00000,0x0000000771b00000,0x0000000772580000)
 ParOldGen       total 111104K, used 11044K [0x00000006c2000000, 0x00000006c8c80000, 0x000000076b580000)
  object space 111104K, 9% used [0x00000006c2000000,0x00000006c2ac9238,0x00000006c8c80000)
 Metaspace       used 26830K, capacity 27851K, committed 28080K, reserved 1073152K
  class space    used 3482K, capacity 3704K, committed 3760K, reserved 1048576K
Event: 2.069 GC heap after
Heap after GC invocations=5 (full 1):
 PSYoungGen      total 100864K, used 7736K [0x000000076b580000, 0x0000000772400000, 0x00000007c0000000)
  eden space 91648K, 0% used [0x000000076b580000,0x000000076b580000,0x0000000770f00000)
  from space 9216K, 83% used [0x0000000771b00000,0x000000077228e138,0x0000000772400000)
  to   space 10752K, 0% used [0x0000000770f00000,0x0000000770f00000,0x0000000771980000)
 ParOldGen       total 111104K, used 11052K [0x00000006c2000000, 0x00000006c8c80000, 0x000000076b580000)
  object space 111104K, 9% used [0x00000006c2000000,0x00000006c2acb238,0x00000006c8c80000)
 Metaspace       used 26830K, capacity 27851K, committed 28080K, reserved 1073152K
  class space    used 3482K, capacity 3704K, committed 3760K, reserved 1048576K
}
Event: 3.153 GC heap before
{Heap before GC invocations=6 (full 1):
 PSYoungGen      total 100864K, used 99341K [0x000000076b580000, 0x0000000772400000, 0x00000007c0000000)
  eden space 91648K, 99% used [0x000000076b580000,0x0000000770ef5668,0x0000000770f00000)
  from space 9216K, 83% used [0x0000000771b00000,0x000000077228e138,0x0000000772400000)
  to   space 10752K, 0% used [0x0000000770f00000,0x0000000770f00000,0x0000000771980000)
 ParOldGen       total 111104K, used 11052K [0x00000006c2000000, 0x00000006c8c80000, 0x000000076b580000)
  object space 111104K, 9% used [0x00000006c2000000,0x00000006c2acb238,0x00000006c8c80000)
 Metaspace       used 33398K, capacity 34969K, committed 35248K, reserved 1079296K
  class space    used 4429K, capacity 4715K, committed 4784K, reserved 1048576K
Event: 3.162 GC heap after
Heap after GC invocations=6 (full 1):
 PSYoungGen      total 102400K, used 10724K [0x000000076b580000, 0x0000000774c00000, 0x00000007c0000000)
  eden space 91648K, 0% used [0x000000076b580000,0x000000076b580000,0x0000000770f00000)
  from space 10752K, 99% used [0x0000000770f00000,0x00000007719793a8,0x0000000771980000)
  to   space 13824K, 0% used [0x0000000773e80000,0x0000000773e80000,0x0000000774c00000)
 ParOldGen       total 111104K, used 11206K [0x00000006c2000000, 0x00000006c8c80000, 0x000000076b580000)
  object space 111104K, 10% used [0x00000006c2000000,0x00000006c2af19f8,0x00000006c8c80000)
 Metaspace       used 33398K, capacity 34969K, committed 35248K, reserved 1079296K
  class space    used 4429K, capacity 4715K, committed 4784K, reserved 1048576K
}
Event: 3.236 GC heap before
{Heap before GC invocations=7 (full 1):
 PSYoungGen      total 102400K, used 33084K [0x000000076b580000, 0x0000000774c00000, 0x00000007c0000000)
  eden space 91648K, 24% used [0x000000076b580000,0x000000076cb55c70,0x0000000770f00000)
  from space 10752K, 99% used [0x0000000770f00000,0x00000007719793a8,0x0000000771980000)
  to   space 13824K, 0% used [0x0000000773e80000,0x0000000773e80000,0x0000000774c00000)
 ParOldGen       total 111104K, used 11206K [0x00000006c2000000, 0x00000006c8c80000, 0x000000076b580000)
  object space 111104K, 10% used [0x00000006c2000000,0x00000006c2af19f8,0x00000006c8c80000)
 Metaspace       used 33853K, capacity 35431K, committed 35496K, reserved 1079296K
  class space    used 4478K, capacity 4782K, committed 4784K, reserved 1048576K
Event: 3.241 GC heap after
Heap after GC invocations=7 (full 1):
 PSYoungGen      total 140800K, used 6727K [0x000000076b580000, 0x0000000775a00000, 0x00000007c0000000)
  eden space 126976K, 0% used [0x000000076b580000,0x000000076b580000,0x0000000773180000)
  from space 13824K, 48% used [0x0000000773e80000,0x0000000774511f88,0x0000000774c00000)
  to   space 13312K, 0% used [0x0000000773180000,0x0000000773180000,0x0000000773e80000)
 ParOldGen       total 111104K, used 11206K [0x00000006c2000000, 0x00000006c8c80000, 0x000000076b580000)
  object space 111104K, 10% used [0x00000006c2000000,0x00000006c2af19f8,0x00000006c8c80000)
 Metaspace       used 33853K, capacity 35431K, committed 35496K, reserved 1079296K
  class space    used 4478K, capacity 4782K, committed 4784K, reserved 1048576K
}
Event: 3.241 GC heap before
{Heap before GC invocations=8 (full 2):
 PSYoungGen      total 140800K, used 6727K [0x000000076b580000, 0x0000000775a00000, 0x00000007c0000000)
  eden space 126976K, 0% used [0x000000076b580000,0x000000076b580000,0x0000000773180000)
  from space 13824K, 48% used [0x0000000773e80000,0x0000000774511f88,0x0000000774c00000)
  to   space 13312K, 0% used [0x0000000773180000,0x0000000773180000,0x0000000773e80000)
 ParOldGen       total 111104K, used 11206K [0x00000006c2000000, 0x00000006c8c80000, 0x000000076b580000)
  object space 111104K, 10% used [0x00000006c2000000,0x00000006c2af19f8,0x00000006c8c80000)
 Metaspace       used 33853K, capacity 35431K, committed 35496K, reserved 1079296K
  class space    used 4478K, capacity 4782K, committed 4784K, reserved 1048576K
Event: 3.277 GC heap after
Heap after GC invocations=8 (full 2):
 PSYoungGen      total 140800K, used 0K [0x000000076b580000, 0x0000000775a00000, 0x00000007c0000000)
  eden space 126976K, 0% used [0x000000076b580000,0x000000076b580000,0x0000000773180000)
  from space 13824K, 0% used [0x0000000773e80000,0x0000000773e80000,0x0000000774c00000)
  to   space 13312K, 0% used [0x0000000773180000,0x0000000773180000,0x0000000773e80000)
 ParOldGen       total 155136K, used 12006K [0x00000006c2000000, 0x00000006cb780000, 0x000000076b580000)
  object space 155136K, 7% used [0x00000006c2000000,0x00000006c2bb9970,0x00000006cb780000)
 Metaspace       used 33853K, capacity 35431K, committed 35496K, reserved 1079296K
  class space    used 4478K, capacity 4782K, committed 4784K, reserved 1048576K
}
Event: 4.739 GC heap before
{Heap before GC invocations=9 (full 2):
 PSYoungGen      total 140800K, used 126976K [0x000000076b580000, 0x0000000775a00000, 0x00000007c0000000)
  eden space 126976K, 100% used [0x000000076b580000,0x0000000773180000,0x0000000773180000)
  from space 13824K, 0% used [0x0000000773e80000,0x0000000773e80000,0x0000000774c00000)
  to   space 13312K, 0% used [0x0000000773180000,0x0000000773180000,0x0000000773e80000)
 ParOldGen       total 155136K, used 12006K [0x00000006c2000000, 0x00000006cb780000, 0x000000076b580000)
  object space 155136K, 7% used [0x00000006c2000000,0x00000006c2bb9970,0x00000006cb780000)
 Metaspace       used 46722K, capacity 48461K, committed 48936K, reserved 1091584K
  class space    used 6290K, capacity 6597K, committed 6704K, reserved 1048576K
Event: 4.754 GC heap after
Heap after GC invocations=9 (full 2):
 PSYoungGen      total 140288K, used 13308K [0x000000076b580000, 0x0000000779200000, 0x00000007c0000000)
  eden space 126976K, 0% used [0x000000076b580000,0x000000076b580000,0x0000000773180000)
  from space 13312K, 99% used [0x0000000773180000,0x0000000773e7f060,0x0000000773e80000)
  to   space 15872K, 0% used [0x0000000778280000,0x0000000778280000,0x0000000779200000)
 ParOldGen       total 155136K, used 12940K [0x00000006c2000000, 0x00000006cb780000, 0x000000076b580000)
  object space 155136K, 8% used [0x00000006c2000000,0x00000006c2ca3228,0x00000006cb780000)
 Metaspace       used 46722K, capacity 48461K, committed 48936K, reserved 1091584K
  class space    used 6290K, capacity 6597K, committed 6704K, reserved 1048576K
}

