# JRE version: Java(TM) SE Runtime Environment (8.0_231-b11) (build 1.8.0_231-b11)
# Java VM: Java HotSpot(TM) 64-Bit Server VM (25.231-b11 mixed mode windows-amd64 compressed oops)
Heap:
 PSYoungGen      total 145408K, used 67589K [0x000000076b580000, 0x0000000775f80000, 0x00000007c0000000)
  eden space 132096K, 41% used [0x000000076b580000,0x000000076ea83190,0x0000000773680000)
  from space 13312K, 99% used [0x0000000773680000,0x000000077437e3b8,0x0000000774380000)
  to   space 13824K, 0% used [0x0000000774380000,0x0000000774380000,0x0000000775100000)
 ParOldGen       total 153088K, used 12235K [0x00000006c2000000, 0x00000006cb580000, 0x000000076b580000)
  object space 153088K, 7% used [0x00000006c2000000,0x00000006c2bf2e08,0x00000006cb580000)
 Metaspace       used 50982K, capacity 52984K, committed 53160K, reserved 1095680K
  class space    used 6930K, capacity 7310K, committed 7344K, reserved 1048576K
GC Heap History (10 events):
Event: 2.436 GC heap before
{Heap before GC invocations=5 (full 1):
 PSYoungGen      total 75776K, used 67854K [0x000000076b580000, 0x0000000772780000, 0x00000007c0000000)
  eden space 65024K, 100% used [0x000000076b580000,0x000000076f500000,0x000000076f500000)
  from space 10752K, 26% used [0x000000076f500000,0x000000076f7c3a78,0x000000076ff80000)
  to   space 10752K, 0% used [0x0000000771d00000,0x0000000771d00000,0x0000000772780000)
 ParOldGen       total 108544K, used 11303K [0x00000006c2000000, 0x00000006c8a00000, 0x000000076b580000)
  object space 108544K, 10% used [0x00000006c2000000,0x00000006c2b09cd0,0x00000006c8a00000)
 Metaspace       used 26942K, capacity 27938K, committed 28080K, reserved 1073152K
  class space    used 3501K, capacity 3735K, committed 3760K, reserved 1048576K
Event: 2.443 GC heap after
Heap after GC invocations=5 (full 1):
 PSYoungGen      total 102912K, used 7724K [0x000000076b580000, 0x0000000772600000, 0x00000007c0000000)
  eden space 93696K, 0% used [0x000000076b580000,0x000000076b580000,0x0000000771100000)
  from space 9216K, 83% used [0x0000000771d00000,0x000000077248b2e0,0x0000000772600000)
  to   space 10752K, 0% used [0x0000000771100000,0x0000000771100000,0x0000000771b80000)
 ParOldGen       total 108544K, used 11311K [0x00000006c2000000, 0x00000006c8a00000, 0x000000076b580000)
  object space 108544K, 10% used [0x00000006c2000000,0x00000006c2b0bcd0,0x00000006c8a00000)
 Metaspace       used 26942K, capacity 27938K, committed 28080K, reserved 1073152K
  class space    used 3501K, capacity 3735K, committed 3760K, reserved 1048576K
}
Event: 3.531 GC heap before
{Heap before GC invocations=6 (full 1):
 PSYoungGen      total 102912K, used 101420K [0x000000076b580000, 0x0000000772600000, 0x00000007c0000000)
  eden space 93696K, 100% used [0x000000076b580000,0x0000000771100000,0x0000000771100000)
  from space 9216K, 83% used [0x0000000771d00000,0x000000077248b2e0,0x0000000772600000)
  to   space 10752K, 0% used [0x0000000771100000,0x0000000771100000,0x0000000771b80000)
 ParOldGen       total 108544K, used 11311K [0x00000006c2000000, 0x00000006c8a00000, 0x000000076b580000)
  object space 108544K, 10% used [0x00000006c2000000,0x00000006c2b0bcd0,0x00000006c8a00000)
 Metaspace       used 33394K, capacity 34956K, committed 35248K, reserved 1079296K
  class space    used 4429K, capacity 4714K, committed 4784K, reserved 1048576K
Event: 3.540 GC heap after
Heap after GC invocations=6 (full 1):
 PSYoungGen      total 104448K, used 10485K [0x000000076b580000, 0x0000000775100000, 0x00000007c0000000)
  eden space 93696K, 0% used [0x000000076b580000,0x000000076b580000,0x0000000771100000)
  from space 10752K, 97% used [0x0000000771100000,0x0000000771b3d418,0x0000000771b80000)
  to   space 13824K, 0% used [0x0000000774380000,0x0000000774380000,0x0000000775100000)
 ParOldGen       total 108544K, used 11319K [0x00000006c2000000, 0x00000006c8a00000, 0x000000076b580000)
  object space 108544K, 10% used [0x00000006c2000000,0x00000006c2b0dcd0,0x00000006c8a00000)
 Metaspace       used 33394K, capacity 34956K, committed 35248K, reserved 1079296K
  class space    used 4429K, capacity 4714K, committed 4784K, reserved 1048576K
}
Event: 3.611 GC heap before
{Heap before GC invocations=7 (full 1):
 PSYoungGen      total 104448K, used 27749K [0x000000076b580000, 0x0000000775100000, 0x00000007c0000000)
  eden space 93696K, 18% used [0x000000076b580000,0x000000076c65c230,0x0000000771100000)
  from space 10752K, 97% used [0x0000000771100000,0x0000000771b3d418,0x0000000771b80000)
  to   space 13824K, 0% used [0x0000000774380000,0x0000000774380000,0x0000000775100000)
 ParOldGen       total 108544K, used 11319K [0x00000006c2000000, 0x00000006c8a00000, 0x000000076b580000)
  object space 108544K, 10% used [0x00000006c2000000,0x00000006c2b0dcd0,0x00000006c8a00000)
 Metaspace       used 33853K, capacity 35418K, committed 35496K, reserved 1079296K
  class space    used 4478K, capacity 4781K, committed 4784K, reserved 1048576K
Event: 3.616 GC heap after
Heap after GC invocations=7 (full 1):
 PSYoungGen      total 145920K, used 6467K [0x000000076b580000, 0x0000000775f80000, 0x00000007c0000000)
  eden space 132096K, 0% used [0x000000076b580000,0x000000076b580000,0x0000000773680000)
  from space 13824K, 46% used [0x0000000774380000,0x00000007749d0e48,0x0000000775100000)
  to   space 13312K, 0% used [0x0000000773680000,0x0000000773680000,0x0000000774380000)
 ParOldGen       total 108544K, used 11327K [0x00000006c2000000, 0x00000006c8a00000, 0x000000076b580000)
  object space 108544K, 10% used [0x00000006c2000000,0x00000006c2b0fcd0,0x00000006c8a00000)
 Metaspace       used 33853K, capacity 35418K, committed 35496K, reserved 1079296K
  class space    used 4478K, capacity 4781K, committed 4784K, reserved 1048576K
}
Event: 3.616 GC heap before
{Heap before GC invocations=8 (full 2):
 PSYoungGen      total 145920K, used 6467K [0x000000076b580000, 0x0000000775f80000, 0x00000007c0000000)
  eden space 132096K, 0% used [0x000000076b580000,0x000000076b580000,0x0000000773680000)
  from space 13824K, 46% used [0x0000000774380000,0x00000007749d0e48,0x0000000775100000)
  to   space 13312K, 0% used [0x0000000773680000,0x0000000773680000,0x0000000774380000)
 ParOldGen       total 108544K, used 11327K [0x00000006c2000000, 0x00000006c8a00000, 0x000000076b580000)
  object space 108544K, 10% used [0x00000006c2000000,0x00000006c2b0fcd0,0x00000006c8a00000)
 Metaspace       used 33853K, capacity 35418K, committed 35496K, reserved 1079296K
  class space    used 4478K, capacity 4781K, committed 4784K, reserved 1048576K
Event: 3.675 GC heap after
Heap after GC invocations=8 (full 2):
 PSYoungGen      total 145920K, used 0K [0x000000076b580000, 0x0000000775f80000, 0x00000007c0000000)
  eden space 132096K, 0% used [0x000000076b580000,0x000000076b580000,0x0000000773680000)
  from space 13824K, 0% used [0x0000000774380000,0x0000000774380000,0x0000000775100000)
  to   space 13312K, 0% used [0x0000000773680000,0x0000000773680000,0x0000000774380000)
 ParOldGen       total 153088K, used 10850K [0x00000006c2000000, 0x00000006cb580000, 0x000000076b580000)
  object space 153088K, 7% used [0x00000006c2000000,0x00000006c2a98ba8,0x00000006cb580000)
 Metaspace       used 33853K, capacity 35418K, committed 35496K, reserved 1079296K
  class space    used 4478K, capacity 4781K, committed 4784K, reserved 1048576K
}
Event: 5.007 GC heap before
{Heap before GC invocations=9 (full 2):
 PSYoungGen      total 145920K, used 132096K [0x000000076b580000, 0x0000000775f80000, 0x00000007c0000000)
  eden space 132096K, 100% used [0x000000076b580000,0x0000000773680000,0x0000000773680000)
  from space 13824K, 0% used [0x0000000774380000,0x0000000774380000,0x0000000775100000)
  to   space 13312K, 0% used [0x0000000773680000,0x0000000773680000,0x0000000774380000)
 ParOldGen       total 153088K, used 10850K [0x00000006c2000000, 0x00000006cb580000, 0x000000076b580000)
  object space 153088K, 7% used [0x00000006c2000000,0x00000006c2a98ba8,0x00000006cb580000)
 Metaspace       used 47087K, capacity 48854K, committed 49192K, reserved 1091584K
  class space    used 6330K, capacity 6665K, committed 6704K, reserved 1048576K
Event: 5.020 GC heap after
Heap after GC invocations=9 (full 2):
 PSYoungGen      total 145408K, used 13304K [0x000000076b580000, 0x0000000775f80000, 0x00000007c0000000)
  eden space 132096K, 0% used [0x000000076b580000,0x000000076b580000,0x0000000773680000)
  from space 13312K, 99% used [0x0000000773680000,0x000000077437e3b8,0x0000000774380000)
  to   space 13824K, 0% used [0x0000000774380000,0x0000000774380000,0x0000000775100000)
 ParOldGen       total 153088K, used 12235K [0x00000006c2000000, 0x00000006cb580000, 0x000000076b580000)
  object space 153088K, 7% used [0x00000006c2000000,0x00000006c2bf2e08,0x00000006cb580000)
 Metaspace       used 47087K, capacity 48854K, committed 49192K, reserved 1091584K
  class space    used 6330K, capacity 6665K, committed 6704K, reserved 1048576K
}

